<?xml version="1.0" encoding="UTF-8"?>
<testsuite name="org.example.TowerTest" tests="1" skipped="0" failures="0" errors="0" timestamp="2024-07-08T02:42:16" hostname="DESKTOP-531818M" time="0.003">
  <properties/>
  <testcase name="testTowerInitialization()" classname="org.example.TowerTest" time="0.003"/>
  <system-out><![CDATA[]]></system-out>
  <system-err><![CDATA[]]></system-err>
</testsuite>
