<?xml version="1.0" encoding="UTF-8"?>
<testsuite name="org.example.TowerTestContratos" tests="3" skipped="0" failures="0" errors="0" timestamp="2024-07-08T02:42:17" hostname="DESKTOP-531818M" time="0.01">
  <properties/>
  <testcase name="testConstructorInvalidSymbol()" classname="org.example.TowerTestContratos" time="0.005"/>
  <testcase name="testGetSymbol()" classname="org.example.TowerTestContratos" time="0.001"/>
  <testcase name="testConstructorValidSymbol()" classname="org.example.TowerTestContratos" time="0.001"/>
  <system-out><![CDATA[]]></system-out>
  <system-err><![CDATA[]]></system-err>
</testsuite>
