<?xml version="1.0" encoding="UTF-8"?>
<testsuite name="org.example.TowerDefenseGameIntegrationTest" tests="3" skipped="0" failures="0" errors="0" timestamp="2024-07-08T02:42:15" hostname="DESKTOP-531818M" time="0.071">
  <properties/>
  <testcase name="testStartWave()" classname="org.example.TowerDefenseGameIntegrationTest" time="0.056"/>
  <testcase name="testPlaceTowerAndStartWave()" classname="org.example.TowerDefenseGameIntegrationTest" time="0.005"/>
  <testcase name="testPlaceTowerAndGameState()" classname="org.example.TowerDefenseGameIntegrationTest" time="0.002"/>
  <system-out><![CDATA[Oleada iniciada!
Oleada iniciada!
]]></system-out>
  <system-err><![CDATA[]]></system-err>
</testsuite>
